<?xml version="1.0" encoding="UTF-8"?>
<!-- Generated by org.testng.reporters.JUnitReportReporter -->
<testsuite hostname="DESKTOP-BK06JN0" failures="0" tests="4" name="com.api.tests.UserCRUDTest" time="25.476" errors="0" timestamp="2025-10-25T13:06:19 IST" skipped="0">
  <testcase classname="com.api.tests.UserCRUDTest" name="testCreateUser" time="7.998"/>
  <testcase classname="com.api.tests.UserCRUDTest" name="testGetUser" time="2.375"/>
  <testcase classname="com.api.tests.UserCRUDTest" name="testUpdateUser" time="11.561"/>
  <testcase classname="com.api.tests.UserCRUDTest" name="testDeleteUser" time="3.542"/>
</testsuite> <!-- com.api.tests.UserCRUDTest -->
