<?xml version="1.0" encoding="UTF-8"?>
<!-- Generated by org.testng.reporters.JUnitReportReporter -->
<testsuite hostname="DESKTOP-BK06JN0" failures="0" tests="4" name="com.api.tests.UserCRUDTest" time="44.746" errors="0" timestamp="2025-10-25T13:58:44 IST" skipped="0">
  <testcase classname="com.api.tests.UserCRUDTest" name="testCreateUser" time="13.259"/>
  <testcase classname="com.api.tests.UserCRUDTest" name="testGetUser" time="11.380"/>
  <testcase classname="com.api.tests.UserCRUDTest" name="testUpdateUser" time="12.574"/>
  <testcase classname="com.api.tests.UserCRUDTest" name="testDeleteUser" time="7.533"/>
</testsuite> <!-- com.api.tests.UserCRUDTest -->
